<?xml version="1.0" encoding="UTF-8"?>
<!-- Generated by org.testng.reporters.JUnitReportReporter -->
<testsuite hostname="Maxima" failures="0" tests="2" name="testNG_TestCasses.LoginTestWithInvalidData" time="9.574" errors="0" timestamp="2023-02-13T14:27:21 IST" skipped="0">
  <testcase classname="testNG_TestCasses.LoginTestWithInvalidData" name="test2_VerifyLoginByPassingInValidMobileAndPassword" time="2.940"/>
  <system-out/>
  <testcase classname="testNG_TestCasses.LoginTestWithInvalidData" name="test1_VerifyLoginByPassingInValidEmailAndPassword" time="6.634"/>
  <system-out/>
</testsuite> <!-- testNG_TestCasses.LoginTestWithInvalidData -->
