<?xml version="1.0" encoding="UTF-8"?>
<!-- Generated by org.testng.reporters.JUnitReportReporter -->
<testsuite hostname="Maxima" failures="0" tests="1" name="testNG_TestCasses.PDPTest" time="19.072" errors="0" timestamp="2023-02-14T13:58:32 IST" skipped="0">
  <testcase classname="testNG_TestCasses.PDPTest" name="test1_VerifyTheProductTest" time="19.072"/>
  <system-out/>
</testsuite> <!-- testNG_TestCasses.PDPTest -->
